Línea 12: la propiedad Icon de frmPrincipal tenía una referencia a archivo no válida.
Línea 138: la propiedad TabPicture(0) de tabMain tenía una referencia a archivo no válida.
Línea 144: la propiedad TabPicture(1) de tabMain tenía una referencia a archivo no válida.
Línea 152: la propiedad TabPicture(2) de tabMain tenía una referencia a archivo no válida.
Línea 764: la propiedad TabPicture(0) de SSTab3 tenía una referencia a archivo no válida.
Línea 782: la propiedad TabPicture(1) de SSTab3 tenía una referencia a archivo no válida.
Línea 792: la propiedad TabPicture(2) de SSTab3 tenía una referencia a archivo no válida.
Línea 1065: la propiedad TabPicture(0) de XTab1 tenía una referencia a archivo no válida.
Línea 1069: la propiedad TabPicture(1) de XTab1 tenía una referencia a archivo no válida.
Línea 1077: la propiedad TabPicture(2) de XTab1 tenía una referencia a archivo no válida.
Línea 1241: la propiedad Picture de picInfo tenía una referencia a archivo no válida.
Línea 1256: la propiedad Picture de picNivSev tenía una referencia a archivo no válida.
Línea 1266: la propiedad Picture de imgPM tenía una referencia a archivo no válida.
Línea 1323: la propiedad Picture de ListImage1 tenía una referencia a archivo no válida.
Línea 1327: la propiedad Picture de ListImage2 tenía una referencia a archivo no válida.
Línea 1331: la propiedad Picture de ListImage3 tenía una referencia a archivo no válida.
Línea 12: la propiedad Icon de frmPrincipal tenía una referencia a archivo no válida.
Línea 138: la propiedad TabPicture(0) de tabMain tenía una referencia a archivo no válida.
Línea 144: la propiedad TabPicture(1) de tabMain tenía una referencia a archivo no válida.
Línea 152: la propiedad TabPicture(2) de tabMain tenía una referencia a archivo no válida.
Línea 764: la propiedad TabPicture(0) de SSTab3 tenía una referencia a archivo no válida.
Línea 782: la propiedad TabPicture(1) de SSTab3 tenía una referencia a archivo no válida.
Línea 792: la propiedad TabPicture(2) de SSTab3 tenía una referencia a archivo no válida.
Línea 1065: la propiedad TabPicture(0) de XTab1 tenía una referencia a archivo no válida.
Línea 1069: la propiedad TabPicture(1) de XTab1 tenía una referencia a archivo no válida.
Línea 1077: la propiedad TabPicture(2) de XTab1 tenía una referencia a archivo no válida.
Línea 1241: la propiedad Picture de picInfo tenía una referencia a archivo no válida.
Línea 1256: la propiedad Picture de picNivSev tenía una referencia a archivo no válida.
Línea 1266: la propiedad Picture de imgPM tenía una referencia a archivo no válida.
Línea 1323: la propiedad Picture de ListImage1 tenía una referencia a archivo no válida.
Línea 1327: la propiedad Picture de ListImage2 tenía una referencia a archivo no válida.
Línea 1331: la propiedad Picture de ListImage3 tenía una referencia a archivo no válida.
Línea 12: la propiedad Icon de frmPrincipal tenía una referencia a archivo no válida.
Línea 138: la propiedad TabPicture(0) de tabMain tenía una referencia a archivo no válida.
Línea 144: la propiedad TabPicture(1) de tabMain tenía una referencia a archivo no válida.
Línea 152: la propiedad TabPicture(2) de tabMain tenía una referencia a archivo no válida.
Línea 764: la propiedad TabPicture(0) de SSTab3 tenía una referencia a archivo no válida.
Línea 782: la propiedad TabPicture(1) de SSTab3 tenía una referencia a archivo no válida.
Línea 792: la propiedad TabPicture(2) de SSTab3 tenía una referencia a archivo no válida.
Línea 1065: la propiedad TabPicture(0) de XTab1 tenía una referencia a archivo no válida.
Línea 1069: la propiedad TabPicture(1) de XTab1 tenía una referencia a archivo no válida.
Línea 1077: la propiedad TabPicture(2) de XTab1 tenía una referencia a archivo no válida.
Línea 1241: la propiedad Picture de picInfo tenía una referencia a archivo no válida.
Línea 1256: la propiedad Picture de picNivSev tenía una referencia a archivo no válida.
Línea 1266: la propiedad Picture de imgPM tenía una referencia a archivo no válida.
Línea 1323: la propiedad Picture de ListImage1 tenía una referencia a archivo no válida.
Línea 1327: la propiedad Picture de ListImage2 tenía una referencia a archivo no válida.
Línea 1331: la propiedad Picture de ListImage3 tenía una referencia a archivo no válida.
